<?xml version="1.0" encoding="UTF-8"?>
<!-- Generated by org.testng.reporters.JUnitReportReporter -->
<testsuite hostname="jubaer" failures="0" tests="1" name="tests.Newtest" time="1.264" errors="0" timestamp="2022-01-14T01:13:40 EST" skipped="0">
  <testcase classname="tests.Newtest" name="openMyBlog" time="1.264"/>
  <system-out/>
</testsuite> <!-- tests.Newtest -->
